#
# There is insufficient memory for the Java Runtime Environment to continue.
# Native memory allocation (malloc) failed to allocate 32744 bytes for ChunkPool::allocate
# Possible reasons:
#   The system is out of physical RAM or swap space
#   In 32 bit mode, the process size limit was hit
# Possible solutions:
#   Reduce memory load on the system
#   Increase physical memory or swap space
#   Check if swap backing store is full
#   Use 64 bit Java on a 64 bit OS
#   Decrease Java heap size (-Xmx/-Xms)
#   Decrease number of Java threads
#   Decrease Java thread stack sizes (-Xss)
#   Set larger code cache with -XX:ReservedCodeCacheSize=
# This output file may be truncated or incomplete.
#
#  Out of Memory Error (allocation.cpp:273), pid=125176, tid=124996
#
# JRE version: Java(TM) SE Runtime Environment (8.0_72-b15) (build 1.8.0_72-b15)
# Java VM: Java HotSpot(TM) 64-Bit Server VM (25.72-b15 mixed mode windows-amd64 compressed oops)
# Failed to write core dump. Minidumps are not enabled by default on client versions of Windows
#

---------------  T H R E A D  ---------------

Current thread (0x000000001630a800):  JavaThread "C1 CompilerThread2" daemon [_thread_in_native, id=124996, stack(0x00000000167b0000,0x00000000168b0000)]

Stack: [0x00000000167b0000,0x00000000168b0000]
[error occurred during error reporting (printing stack bounds), id 0xc0000005]

Native frames: (J=compiled Java code, j=interpreted, Vv=VM code, C=native code)


Current CompileTask:
C1:    414   27  s!   3       sun.misc.URLClassPath::getLoader (197 bytes)


---------------  P R O C E S S  ---------------

Java Threads: ( => current thread )
  0x000000001630f000 JavaThread "Service Thread" daemon [_thread_blocked, id=125924, stack(0x00000000168b0000,0x00000000169b0000)]
=>0x000000001630a800 JavaThread "C1 CompilerThread2" daemon [_thread_in_native, id=124996, stack(0x00000000167b0000,0x00000000168b0000)]
  0x0000000016306800 JavaThread "C2 CompilerThread1" daemon [_thread_blocked, id=125152, stack(0x00000000166b0000,0x00000000167b0000)]
  0x0000000014cbc000 JavaThread "C2 CompilerThread0" daemon [_thread_blocked, id=124992, stack(0x00000000161b0000,0x00000000162b0000)]
  0x0000000014cba000 JavaThread "Attach Listener" daemon [_thread_blocked, id=124960, stack(0x00000000160b0000,0x00000000161b0000)]
  0x0000000014cb9000 JavaThread "Signal Dispatcher" daemon [_thread_blocked, id=125144, stack(0x0000000015fb0000,0x00000000160b0000)]
  0x0000000002584800 JavaThread "Finalizer" daemon [_thread_blocked, id=124560, stack(0x0000000015eb0000,0x0000000015fb0000)]
  0x000000000257f000 JavaThread "Reference Handler" daemon [_thread_blocked, id=124964, stack(0x0000000015db0000,0x0000000015eb0000)]
  0x0000000002491000 JavaThread "main" [_thread_in_vm, id=118428, stack(0x00000000022d0000,0x00000000023d0000)]

Other Threads:
  0x0000000014c28000 VMThread [stack: 0x0000000015cb0000,0x0000000015db0000] [id=125024]
  0x0000000016324800 WatcherThread [stack: 0x00000000169b0000,0x0000000016ab0000] [id=124156]

VM state:not at safepoint (normal execution)

VM Mutex/Monitor currently owned by a thread: None

Heap:
 PSYoungGen      total 38400K, used 1331K [0x00000000eab00000, 0x00000000ed580000, 0x0000000100000000)
  eden space 33280K, 4% used [0x00000000eab00000,0x00000000eac4ce10,0x00000000ecb80000)
  from space 5120K, 0% used [0x00000000ed080000,0x00000000ed080000,0x00000000ed580000)
  to   space 5120K, 0% used [0x00000000ecb80000,0x00000000ecb80000,0x00000000ed080000)
 ParOldGen       total 87552K, used 0K [0x00000000c0000000, 0x00000000c5580000, 0x00000000eab00000)
  object space 87552K, 0% used [0x00000000c0000000,0x00000000c0000000,0x00000000c5580000)
 Metaspace       used 2967K, capacity 4656K, committed 4864K, reserved 1056768K
  class space    used 322K, capacity 424K, committed 512K, reserved 1048576K

Card table byte_map: [0x0000000011950000,0x0000000011b60000] byte_map_base: 0x0000000011350000

Marking Bits: (ParMarkBitMap*) 0x0000000061c50600
 Begin Bits: [0x00000000120c0000, 0x00000000130c0000)
 End Bits:   [0x00000000130c0000, 0x00000000140c0000)

Polling page: 0x0000000000520000

CodeCache: size=245760Kb used=1095Kb max_used=1095Kb free=244664Kb
 bounds [0x0000000002590000, 0x0000000002800000, 0x0000000011590000]
 total_blobs=263 nmethods=26 adapters=151
 compilation: enabled

Compilation events (10 events):
Event: 0.409 Thread 0x000000001630a800 nmethod 21 0x00000000026a0750 code [0x00000000026a08a0, 0x00000000026a09b0]
Event: 0.409 Thread 0x000000001630a800   20       3       java.lang.StringBuilder::append (8 bytes)
Event: 0.409 Thread 0x000000001630a800 nmethod 20 0x00000000026a0a10 code [0x00000000026a0b80, 0x00000000026a0ee8]
Event: 0.409 Thread 0x000000001630a800   23       1       java.net.URL::getHost (5 bytes)
Event: 0.409 Thread 0x000000001630a800 nmethod 23 0x00000000026a10d0 code [0x00000000026a1220, 0x00000000026a1330]
Event: 0.410 Thread 0x000000001630a800   24       3       java.lang.String::startsWith (7 bytes)
Event: 0.410 Thread 0x000000001630a800 nmethod 24 0x00000000026a1390 code [0x00000000026a1500, 0x00000000026a1708]
Event: 0.410 Thread 0x000000001630a800   25       1       java.net.URL::getProtocol (5 bytes)
Event: 0.410 Thread 0x000000001630a800 nmethod 25 0x00000000026a1790 code [0x00000000026a18e0, 0x00000000026a19f0]
Event: 0.411 Thread 0x000000001630a800   27  s!   3       sun.misc.URLClassPath::getLoader (197 bytes)

GC Heap History (0 events):
No events

Deoptimization events (0 events):
No events

Internal exceptions (2 events):
Event: 0.142 Thread 0x0000000002491000 Exception <a 'java/lang/NoSuchMethodError': Method sun.misc.Unsafe.defineClass(Ljava/lang/String;[BII)Ljava/lang/Class; name or signature does not match> (0x00000000eab07cc0) thrown at [C:\re\workspace\8-2-build-windows-amd64-cygwin\jdk8u72\5732\hotspot\sr	qíÃB'Â?
Event: 0.142 Thread 0x0000000002491000 Exception <a 'java/lang/NoSuchMethodError': Method sun.misc.Unsafe.prefetchRead(Ljava/lang/Object;J)V name or signature does not match> (0x00000000eab07fa8) thrown at [C:\re\workspace\8-2-build-windows-amd64-cygwin\jdk8u72\5732\hotspot\src\share\vm\prims\j

Events (10 events):
Event: 0.411 loading class java/io/IOException
Event: 0.411 loading class java/io/IOException done
Event: 0.411 loading class com/android/dx/dex/cf/CfOptions
Event: 0.411 loading class com/android/dx/dex/cf/CfOptions done
Event: 0.411 loading class com/android/dx/command/DxConsole
Event: 0.411 loading class com/android/dx/command/DxConsole done
Event: 0.411 loading class com/android/dx/dex/DexOptions
Event: 0.411 loading class com/android/dx/dex/DexOptions done
Event: 0.412 loading class com/android/dx/dex/file/DexFile
Event: 0.412 loading class com/android/dx/dex/file/DexFile done


Dynamic libraries:
0x00007ff7fe060000 - 0x00007ff7fe097000 	C:\Program Files\Java\jdk1.8.0_72\bin\java.exe
0x00007ffe94a20000 - 0x00007ffe94be1000 	C:\WINDOWS\SYSTEM32\ntdll.dll
0x00007ffe925e0000 - 0x00007ffe9268d000 	C:\WINDOWS\system32\KERNEL32.DLL
0x00007ffe91530000 - 0x00007ffe91718000 	C:\WINDOWS\system32\KERNELBASE.dll
0x00007ffe94830000 - 0x00007ffe948d7000 	C:\WINDOWS\system32\ADVAPI32.dll
0x00007ffe94440000 - 0x00007ffe944dd000 	C:\WINDOWS\system32\msvcrt.dll
0x00007ffe92500000 - 0x00007ffe9255b000 	C:\WINDOWS\system32\sechost.dll
0x00007ffe91e20000 - 0x00007ffe91f3c000 	C:\WINDOWS\system32\RPCRT4.dll
0x00007ffe946d0000 - 0x00007ffe94826000 	C:\WINDOWS\system32\USER32.dll
0x00007ffe944e0000 - 0x00007ffe94666000 	C:\WINDOWS\system32\GDI32.dll
0x00007ffe85d70000 - 0x00007ffe85fe4000 	C:\WINDOWS\WinSxS\amd64_microsoft.windows.common-controls_6595b64144ccf1df_6.0.10586.0_none_8c15ae12515e1c22\COMCTL32.dll
0x00007ffe92690000 - 0x00007ffe9290d000 	C:\WINDOWS\system32\combase.dll
0x00007ffe910f0000 - 0x00007ffe9115a000 	C:\WINDOWS\system32\bcryptPrimitives.dll
0x00007ffe92370000 - 0x00007ffe923ab000 	C:\WINDOWS\system32\IMM32.DLL
0x0000000061070000 - 0x0000000061142000 	C:\Program Files\Java\jdk1.8.0_72\jre\bin\msvcr100.dll
0x0000000061440000 - 0x0000000061cd0000 	C:\Program Files\Java\jdk1.8.0_72\jre\bin\server\jvm.dll
0x00007ffe92910000 - 0x00007ffe92918000 	C:\WINDOWS\system32\PSAPI.DLL
0x00007ffe8a350000 - 0x00007ffe8a359000 	C:\WINDOWS\SYSTEM32\WSOCK32.dll
0x00007ffe948e0000 - 0x00007ffe9494b000 	C:\WINDOWS\system32\WS2_32.dll
0x00007ffe8f480000 - 0x00007ffe8f4a3000 	C:\WINDOWS\SYSTEM32\WINMM.dll
0x00007ffe8e650000 - 0x00007ffe8e65a000 	C:\WINDOWS\SYSTEM32\VERSION.dll
0x00007ffe8f400000 - 0x00007ffe8f42c000 	C:\WINDOWS\SYSTEM32\WINMMBASE.dll
0x00007ffe91780000 - 0x00007ffe917c3000 	C:\WINDOWS\system32\cfgmgr32.dll
0x00000000621d0000 - 0x00000000621df000 	C:\Program Files\Java\jdk1.8.0_72\jre\bin\verify.dll
0x00000000621a0000 - 0x00000000621c9000 	C:\Program Files\Java\jdk1.8.0_72\jre\bin\java.dll
0x0000000062180000 - 0x0000000062196000 	C:\Program Files\Java\jdk1.8.0_72\jre\bin\zip.dll
0x00007ffe929d0000 - 0x00007ffe93f2f000 	C:\WINDOWS\system32\SHELL32.dll
0x00007ffe917d0000 - 0x00007ffe91e14000 	C:\WINDOWS\system32\windows.storage.dll
0x00007ffe92560000 - 0x00007ffe925b2000 	C:\WINDOWS\system32\shlwapi.dll
0x00007ffe910c0000 - 0x00007ffe910cf000 	C:\WINDOWS\system32\kernel.appcore.dll
0x00007ffe91330000 - 0x00007ffe913e5000 	C:\WINDOWS\system32\shcore.dll
0x00007ffe91070000 - 0x00007ffe910bb000 	C:\WINDOWS\system32\powrprof.dll
0x00007ffe91050000 - 0x00007ffe91064000 	C:\WINDOWS\system32\profapi.dll

VM Arguments:
jvm_args: -Djava.awt.headless=true -Xmx1024M -Dfile.encoding=GBK -Duser.country=CN -Duser.language=zh -Duser.variant 
java_command: com.android.dx.command.Main --dex --output E:\kejiang\AndroidStudioProjects\ZBarScanner\zBarScannerDemo\build\intermediates\pre-dexed\debug\zbardecoder_bf6759f442de1ad5537d40b0eb27d63541eb960d.jar E:\kejiang\AndroidStudioProjects\ZBarScanner\zBarScannerDemo\build\intermediates\exploded-aar\ZBarScanner\zBarScanProj\unspecified\jars\libs\zbardecoder.jar
java_class_path (initial): E:\kejiang\Android\sdk\build-tools\19.1.0\lib\dx.jar
Launcher Type: SUN_STANDARD

Environment Variables:
JAVA_HOME=C:\Program Files\Java\jdk1.8.0_72
CLASSPATH=.;C:\Program Files\Java\jdk1.8.0_72\lib\dt.jar;C:\Program Files\Java\jdk1.8.0_72\lib\tools.jar;
PATH=E:\kejiang\Android\sdk\platform-tools;C:\ProgramData\Oracle\Java\javapath;C:\Program Files (x86)\Common Files\NetSarang;C:\Windows\system32;C:\Windows;C:\Windows\System32\Wbem;C:\Windows\System32\WindowsPowerShell\v1.0\;C:\Program Files\Java\jdk1.7.0_60\bin;C:\Program Files\Java\jdk1.7.0_60\jre\bin;D:\Program Files\MySQL\MySQL Server 5.5\bin;E:\Framework\play\play-2.2.6;D:\Software\apache-maven-3.3.1\bin;C:\WINDOWS\system32;C:\WINDOWS;C:\WINDOWS\System32\Wbem;C:\WINDOWS\System32\WindowsPowerShell\v1.0\;C:\Program Files (x86)\MySQL\MySQL Fabric 1.5 & MySQL Utilities 1.5\;C:\Program Files (x86)\MySQL\MySQL Fabric 1.5 & MySQL Utilities 1.5\Doctrine extensions for PHP\;C:\Program Files\TortoiseSVN\bin;C:\Program Files\Git\cmd
USERNAME=yuandl
OS=Windows_NT
PROCESSOR_IDENTIFIER=Intel64 Family 6 Model 60 Stepping 3, GenuineIntel



---------------  S Y S T E M  ---------------

OS: Windows 10.0 , 64 bit Build 10586 (10.0.10586.0)

CPU:total 4 (2 cores per cpu, 2 threads per core) family 6 model 60 stepping 3, cmov, cx8, fxsr, mmx, sse, sse2, sse3, ssse3, sse4.1, sse4.2, popcnt, avx, avx2, aes, clmul, erms, lzcnt, ht, tsc, tscinvbit, bmi1, bmi2

Memory: 4k page, physical 8305276k(1359352k free), swap 8305276k(2248k free)

vm_info: Java HotSpot(TM) 64-Bit Server VM (25.72-b15) for windows-amd64 JRE (1.8.0_72-b15), built on Dec 22 2015 19:16:16 by "java_re" with MS VC++ 10.0 (VS2010)

time: Wed Aug 03 16:30:58 2016
elapsed time: 0 seconds (0d 0h 0m 0s)

