#
# There is insufficient memory for the Java Runtime Environment to continue.
# Native memory allocation (malloc) failed to allocate 32744 bytes for ChunkPool::allocate
# Possible reasons:
#   The system is out of physical RAM or swap space
#   In 32 bit mode, the process size limit was hit
# Possible solutions:
#   Reduce memory load on the system
#   Increase physical memory or swap space
#   Check if swap backing store is full
#   Use 64 bit Java on a 64 bit OS
#   Decrease Java heap size (-Xmx/-Xms)
#   Decrease number of Java threads
#   Decrease Java thread stack sizes (-Xss)
#   Set larger code cache with -XX:ReservedCodeCacheSize=
# This output file may be truncated or incomplete.
#
#  Out of Memory Error (allocation.cpp:273), pid=124580, tid=125512
#
# JRE version: Java(TM) SE Runtime Environment (8.0_72-b15) (build 1.8.0_72-b15)
# Java VM: Java HotSpot(TM) 64-Bit Server VM (25.72-b15 mixed mode windows-amd64 compressed oops)
# Failed to write core dump. Minidumps are not enabled by default on client versions of Windows
#

---------------  T H R E A D  ---------------

Current thread (0x0000000016331800):  JavaThread "C1 CompilerThread2" daemon [_thread_in_native, id=125512, stack(0x00000000167e0000,0x00000000168e0000)]

Stack: [0x00000000167e0000,0x00000000168e0000]
[error occurred during error reporting (printing stack bounds), id 0xc0000005]

Native frames: (J=compiled Java code, j=interpreted, Vv=VM code, C=native code)


Current CompileTask:
C1:    461  259   !   3       com.android.dx.cf.cst.ConstantPoolParser::parse0 (731 bytes)


---------------  P R O C E S S  ---------------

Java Threads: ( => current thread )
  0x000000001634e800 JavaThread "Service Thread" daemon [_thread_blocked, id=119820, stack(0x00000000168e0000,0x00000000169e0000)]
=>0x0000000016331800 JavaThread "C1 CompilerThread2" daemon [_thread_in_native, id=125512, stack(0x00000000167e0000,0x00000000168e0000)]
  0x00000000162e0800 JavaThread "C2 CompilerThread1" daemon [_thread_blocked, id=125804, stack(0x00000000166e0000,0x00000000167e0000)]
  0x0000000014c7c000 JavaThread "C2 CompilerThread0" daemon [_thread_blocked, id=124988, stack(0x00000000161e0000,0x00000000162e0000)]
  0x0000000014c7a000 JavaThread "Attach Listener" daemon [_thread_blocked, id=125488, stack(0x00000000160e0000,0x00000000161e0000)]
  0x0000000014c79800 JavaThread "Signal Dispatcher" daemon [_thread_blocked, id=125456, stack(0x0000000015fe0000,0x00000000160e0000)]
  0x0000000014c0a800 JavaThread "Finalizer" daemon [_thread_blocked, id=102256, stack(0x0000000015e80000,0x0000000015f80000)]
  0x0000000014be8800 JavaThread "Reference Handler" daemon [_thread_blocked, id=117224, stack(0x0000000015d80000,0x0000000015e80000)]
  0x0000000002451000 JavaThread "main" [_thread_in_vm, id=124544, stack(0x0000000002350000,0x0000000002450000)]

Other Threads:
  0x0000000014be8000 VMThread [stack: 0x0000000015c80000,0x0000000015d80000] [id=125044]
  0x0000000016343800 WatcherThread [stack: 0x00000000169e0000,0x0000000016ae0000] [id=125284]

VM state:not at safepoint (normal execution)

VM Mutex/Monitor currently owned by a thread: None

Heap:
 PSYoungGen      total 38400K, used 7594K [0x00000000eab00000, 0x00000000ed580000, 0x0000000100000000)
  eden space 33280K, 22% used [0x00000000eab00000,0x00000000eb26a980,0x00000000ecb80000)
  from space 5120K, 0% used [0x00000000ed080000,0x00000000ed080000,0x00000000ed580000)
  to   space 5120K, 0% used [0x00000000ecb80000,0x00000000ecb80000,0x00000000ed080000)
 ParOldGen       total 87552K, used 0K [0x00000000c0000000, 0x00000000c5580000, 0x00000000eab00000)
  object space 87552K, 0% used [0x00000000c0000000,0x00000000c0000000,0x00000000c5580000)
 Metaspace       used 4907K, capacity 6160K, committed 6272K, reserved 1056768K
  class space    used 539K, capacity 584K, committed 640K, reserved 1048576K

Card table byte_map: [0x0000000011910000,0x0000000011b20000] byte_map_base: 0x0000000011310000

Marking Bits: (ParMarkBitMap*) 0x0000000061c50600
 Begin Bits: [0x0000000012080000, 0x0000000013080000)
 End Bits:   [0x0000000013080000, 0x0000000014080000)

Polling page: 0x0000000000710000

CodeCache: size=245760Kb used=1583Kb max_used=1594Kb free=244176Kb
 bounds [0x0000000002550000, 0x00000000027c0000, 0x0000000011550000]
 total_blobs=524 nmethods=259 adapters=178
 compilation: enabled

Compilation events (10 events):
Event: 0.440 Thread 0x0000000016331800 nmethod 254 0x00000000026daa10 code [0x00000000026dab80, 0x00000000026daf08]
Event: 0.454 Thread 0x0000000016331800  255       3       com.android.dx.util.ByteArray::getUnsignedShort (25 bytes)
Event: 0.454 Thread 0x0000000016331800 nmethod 255 0x00000000026da410 code [0x00000000026da580, 0x00000000026da868]
Event: 0.456 Thread 0x0000000016331800  256       1       com.android.dx.rop.cst.CstString::isCategory2 (2 bytes)
Event: 0.456 Thread 0x0000000016331800 nmethod 256 0x00000000026da150 code [0x00000000026da2a0, 0x00000000026da3b0]
Event: 0.456 Thread 0x0000000016331800  257   !   3       com.android.dx.rop.cst.StdConstantPool::getOrNull (13 bytes)
Event: 0.456 Thread 0x0000000016331800 nmethod 257 0x00000000026d9090 code [0x00000000026d9280, 0x00000000026d9b88]
Event: 0.456 Thread 0x0000000016331800  258       3       com.android.dx.rop.cst.Constant::<init> (5 bytes)
Event: 0.456 Thread 0x0000000016331800 nmethod 258 0x00000000026d8cd0 code [0x00000000026d8e20, 0x00000000026d8fd0]
Event: 0.456 Thread 0x0000000016331800  259   !   3       com.android.dx.cf.cst.ConstantPoolParser::parse0 (731 bytes)

GC Heap History (0 events):
No events

Deoptimization events (0 events):
No events

Internal exceptions (2 events):
Event: 0.027 Thread 0x0000000002451000 Exception <a 'java/lang/NoSuchMethodError': Method sun.misc.Unsafe.defineClass(Ljava/lang/String;[BII)Ljava/lang/Class; name or signature does not match> (0x00000000eab07cc0) thrown at [C:\re\workspace\8-2-build-windows-amd64-cygwin\jdk8u72\5732\hotspot\sr¬d@2yæ›?
Event: 0.027 Thread 0x0000000002451000 Exception <a 'java/lang/NoSuchMethodError': Method sun.misc.Unsafe.prefetchRead(Ljava/lang/Object;J)V name or signature does not match> (0x00000000eab07fa8) thrown at [C:\re\workspace\8-2-build-windows-amd64-cygwin\jdk8u72\5732\hotspot\src\share\vm\prims\j

Events (10 events):
Event: 0.447 loading class com/android/dx/rop/cst/CstEnumRef
Event: 0.447 loading class com/android/dx/rop/cst/CstEnumRef done
Event: 0.447 loading class com/android/dx/dex/file/TypeIdItem
Event: 0.447 loading class com/android/dx/dex/file/TypeIdItem done
Event: 0.457 loading class com/android/dx/cf/direct/DirectClassFile$DcfTypeList
Event: 0.457 loading class com/android/dx/cf/direct/DirectClassFile$DcfTypeList done
Event: 0.457 loading class com/android/dx/cf/attrib/AttSignature
Event: 0.457 loading class com/android/dx/cf/attrib/AttSignature done
Event: 0.458 loading class com/android/dx/cf/attrib/RawAttribute
Event: 0.458 loading class com/android/dx/cf/attrib/RawAttribute done


Dynamic libraries:
0x00007ff7fe060000 - 0x00007ff7fe097000 	C:\Program Files\Java\jdk1.8.0_72\bin\java.exe
0x00007ffe94a20000 - 0x00007ffe94be1000 	C:\WINDOWS\SYSTEM32\ntdll.dll
0x00007ffe925e0000 - 0x00007ffe9268d000 	C:\WINDOWS\system32\KERNEL32.DLL
0x00007ffe91530000 - 0x00007ffe91718000 	C:\WINDOWS\system32\KERNELBASE.dll
0x00007ffe94830000 - 0x00007ffe948d7000 	C:\WINDOWS\system32\ADVAPI32.dll
0x00007ffe94440000 - 0x00007ffe944dd000 	C:\WINDOWS\system32\msvcrt.dll
0x00007ffe92500000 - 0x00007ffe9255b000 	C:\WINDOWS\system32\sechost.dll
0x00007ffe91e20000 - 0x00007ffe91f3c000 	C:\WINDOWS\system32\RPCRT4.dll
0x00007ffe946d0000 - 0x00007ffe94826000 	C:\WINDOWS\system32\USER32.dll
0x00007ffe944e0000 - 0x00007ffe94666000 	C:\WINDOWS\system32\GDI32.dll
0x00007ffe85d70000 - 0x00007ffe85fe4000 	C:\WINDOWS\WinSxS\amd64_microsoft.windows.common-controls_6595b64144ccf1df_6.0.10586.0_none_8c15ae12515e1c22\COMCTL32.dll
0x00007ffe92690000 - 0x00007ffe9290d000 	C:\WINDOWS\system32\combase.dll
0x00007ffe910f0000 - 0x00007ffe9115a000 	C:\WINDOWS\system32\bcryptPrimitives.dll
0x00007ffe92370000 - 0x00007ffe923ab000 	C:\WINDOWS\system32\IMM32.DLL
0x0000000061070000 - 0x0000000061142000 	C:\Program Files\Java\jdk1.8.0_72\jre\bin\msvcr100.dll
0x0000000061440000 - 0x0000000061cd0000 	C:\Program Files\Java\jdk1.8.0_72\jre\bin\server\jvm.dll
0x00007ffe92910000 - 0x00007ffe92918000 	C:\WINDOWS\system32\PSAPI.DLL
0x00007ffe8a350000 - 0x00007ffe8a359000 	C:\WINDOWS\SYSTEM32\WSOCK32.dll
0x00007ffe948e0000 - 0x00007ffe9494b000 	C:\WINDOWS\system32\WS2_32.dll
0x00007ffe8f480000 - 0x00007ffe8f4a3000 	C:\WINDOWS\SYSTEM32\WINMM.dll
0x00007ffe8e650000 - 0x00007ffe8e65a000 	C:\WINDOWS\SYSTEM32\VERSION.dll
0x00007ffe8f400000 - 0x00007ffe8f42c000 	C:\WINDOWS\SYSTEM32\WINMMBASE.dll
0x00007ffe91780000 - 0x00007ffe917c3000 	C:\WINDOWS\system32\cfgmgr32.dll
0x00000000621d0000 - 0x00000000621df000 	C:\Program Files\Java\jdk1.8.0_72\jre\bin\verify.dll
0x00000000621a0000 - 0x00000000621c9000 	C:\Program Files\Java\jdk1.8.0_72\jre\bin\java.dll
0x0000000062180000 - 0x0000000062196000 	C:\Program Files\Java\jdk1.8.0_72\jre\bin\zip.dll
0x00007ffe929d0000 - 0x00007ffe93f2f000 	C:\WINDOWS\system32\SHELL32.dll
0x00007ffe917d0000 - 0x00007ffe91e14000 	C:\WINDOWS\system32\windows.storage.dll
0x00007ffe92560000 - 0x00007ffe925b2000 	C:\WINDOWS\system32\shlwapi.dll
0x00007ffe910c0000 - 0x00007ffe910cf000 	C:\WINDOWS\system32\kernel.appcore.dll
0x00007ffe91330000 - 0x00007ffe913e5000 	C:\WINDOWS\system32\shcore.dll
0x00007ffe91070000 - 0x00007ffe910bb000 	C:\WINDOWS\system32\powrprof.dll
0x00007ffe91050000 - 0x00007ffe91064000 	C:\WINDOWS\system32\profapi.dll

VM Arguments:
jvm_args: -Djava.awt.headless=true -Xmx1024M -Dfile.encoding=GBK -Duser.country=CN -Duser.language=zh -Duser.variant 
java_command: com.android.dx.command.Main --dex --output E:\kejiang\AndroidStudioProjects\ZBarScanner\zBarScannerDemo\build\intermediates\pre-dexed\debug\ZBarScanner-zBarScannerLibrary-unspecified_0104cf270af56c5b9eb25c2d60cffd847db0cdea.jar E:\kejiang\AndroidStudioProjects\ZBarScanner\zBarScannerDemo\build\intermediates\exploded-aar\ZBarScanner\zBarScannerLibrary\unspecified\jars\classes.jar
java_class_path (initial): E:\kejiang\Android\sdk\build-tools\19.1.0\lib\dx.jar
Launcher Type: SUN_STANDARD

Environment Variables:
JAVA_HOME=C:\Program Files\Java\jdk1.8.0_72
CLASSPATH=.;C:\Program Files\Java\jdk1.8.0_72\lib\dt.jar;C:\Program Files\Java\jdk1.8.0_72\lib\tools.jar;
PATH=E:\kejiang\Android\sdk\platform-tools;C:\ProgramData\Oracle\Java\javapath;C:\Program Files (x86)\Common Files\NetSarang;C:\Windows\system32;C:\Windows;C:\Windows\System32\Wbem;C:\Windows\System32\WindowsPowerShell\v1.0\;C:\Program Files\Java\jdk1.7.0_60\bin;C:\Program Files\Java\jdk1.7.0_60\jre\bin;D:\Program Files\MySQL\MySQL Server 5.5\bin;E:\Framework\play\play-2.2.6;D:\Software\apache-maven-3.3.1\bin;C:\WINDOWS\system32;C:\WINDOWS;C:\WINDOWS\System32\Wbem;C:\WINDOWS\System32\WindowsPowerShell\v1.0\;C:\Program Files (x86)\MySQL\MySQL Fabric 1.5 & MySQL Utilities 1.5\;C:\Program Files (x86)\MySQL\MySQL Fabric 1.5 & MySQL Utilities 1.5\Doctrine extensions for PHP\;C:\Program Files\TortoiseSVN\bin;C:\Program Files\Git\cmd
USERNAME=yuandl
OS=Windows_NT
PROCESSOR_IDENTIFIER=Intel64 Family 6 Model 60 Stepping 3, GenuineIntel



---------------  S Y S T E M  ---------------

OS: Windows 10.0 , 64 bit Build 10586 (10.0.10586.0)

CPU:total 4 (2 cores per cpu, 2 threads per core) family 6 model 60 stepping 3, cmov, cx8, fxsr, mmx, sse, sse2, sse3, ssse3, sse4.1, sse4.2, popcnt, avx, avx2, aes, clmul, erms, lzcnt, ht, tsc, tscinvbit, bmi1, bmi2

Memory: 4k page, physical 8305276k(1327208k free), swap 8305276k(4104k free)

vm_info: Java HotSpot(TM) 64-Bit Server VM (25.72-b15) for windows-amd64 JRE (1.8.0_72-b15), built on Dec 22 2015 19:16:16 by "java_re" with MS VC++ 10.0 (VS2010)

time: Wed Aug 03 16:31:38 2016
elapsed time: 0 seconds (0d 0h 0m 0s)

